[2019-06-28T11:43:21.235-0900][gc,heap] Heap region size: 1M
[2019-06-28T11:43:21.239-0900][gc     ] Using G1
[2019-06-28T11:43:21.239-0900][gc,heap,coops] Heap address: 0x00000007e0000000, size: 512 MB, Compressed Oops mode: Zero based, Oop shift amount: 3
[2019-06-28T12:36:01.408-0900][gc,start     ] GC(0) Pause Young (Normal) (G1 Evacuation Pause)
[2019-06-28T12:36:01.409-0900][gc,task      ] GC(0) Using 4 workers of 4 for evacuation
[2019-06-28T12:36:01.425-0900][gc,phases    ] GC(0)   Pre Evacuate Collection Set: 0.2ms
[2019-06-28T12:36:01.426-0900][gc,phases    ] GC(0)   Evacuate Collection Set: 15.8ms
[2019-06-28T12:36:01.426-0900][gc,phases    ] GC(0)   Post Evacuate Collection Set: 0.4ms
[2019-06-28T12:36:01.426-0900][gc,phases    ] GC(0)   Other: 1.0ms
[2019-06-28T12:36:01.426-0900][gc,heap      ] GC(0) Eden regions: 25->0(21)
[2019-06-28T12:36:01.426-0900][gc,heap      ] GC(0) Survivor regions: 0->4(4)
[2019-06-28T12:36:01.426-0900][gc,heap      ] GC(0) Old regions: 0->2
[2019-06-28T12:36:01.426-0900][gc,heap      ] GC(0) Humongous regions: 0->0
[2019-06-28T12:36:01.426-0900][gc,metaspace ] GC(0) Metaspace: 15144K->15144K(1062912K)
[2019-06-28T12:36:01.426-0900][gc           ] GC(0) Pause Young (Normal) (G1 Evacuation Pause) 25M->5M(512M) 17.487ms
[2019-06-28T12:36:01.426-0900][gc,cpu       ] GC(0) User=0.02s Sys=0.02s Real=0.02s
[2019-06-28T12:54:03.823-0900][gc,heap,exit ] Heap
[2019-06-28T12:54:03.823-0900][gc,heap,exit ]  garbage-first heap   total 524288K, used 9418K [0x00000007e0000000, 0x0000000800000000)
[2019-06-28T12:54:03.823-0900][gc,heap,exit ]   region size 1024K, 9 young (9216K), 4 survivors (4096K)
[2019-06-28T12:54:03.823-0900][gc,heap,exit ]  Metaspace       used 15224K, capacity 15570K, committed 15744K, reserved 1062912K
[2019-06-28T12:54:03.823-0900][gc,heap,exit ]   class space    used 1518K, capacity 1634K, committed 1664K, reserved 1048576K
